SF:lib\app\favorite_products_app.dart
DA:6,1
DA:8,1
DA:10,1
DA:12,1
LF:4
LH:4
end_of_record
SF:lib\app\service_locator.dart
DA:5,12
DA:6,0
DA:7,0
DA:8,0
DA:10,0
DA:11,0
DA:12,0
DA:16,0
DA:17,0
DA:18,0
DA:21,0
DA:22,0
DA:23,0
DA:26,0
DA:27,0
DA:28,0
DA:29,0
LF:17
LH:1
end_of_record
SF:lib\app\core\config\env\app_env.dart
DA:6,0
DA:8,0
DA:9,0
DA:13,0
DA:14,0
DA:18,0
LF:6
LH:0
end_of_record
SF:lib\app\core\exceptions\dio_exception.dart
DA:4,1
LF:1
LH:1
end_of_record
SF:lib\app\core\exceptions\repository_exception.dart
DA:4,0
LF:1
LH:0
end_of_record
SF:lib\app\core\exceptions\timeout_exception.dart
DA:4,1
LF:1
LH:1
end_of_record
SF:lib\app\core\extensions\double_extension.dart
DA:2,12
LF:1
LH:1
end_of_record
SF:lib\app\core\extensions\string_extension.dart
DA:2,2
DA:6,2
DA:7,6
DA:8,2
DA:12,6
LF:5
LH:5
end_of_record
SF:lib\app\core\rest\custom_dio.dart
DA:7,0
DA:8,0
DA:9,0
DA:10,0
DA:11,0
DA:12,0
DA:14,0
DA:15,0
DA:19,0
DA:20,0
DA:27,0
DA:31,0
LF:12
LH:0
end_of_record
SF:lib\app\core\storage\local_storage_impl.dart
DA:6,0
DA:7,0
DA:9,0
DA:11,0
DA:12,0
DA:15,0
DA:17,0
DA:18,0
DA:21,0
DA:23,0
DA:25,0
DA:26,0
DA:27,0
DA:28,0
DA:29,0
DA:30,0
DA:31,0
DA:32,0
DA:33,0
DA:34,0
DA:36,0
DA:40,0
DA:42,0
DA:43,0
DA:46,0
DA:48,0
DA:50,0
DA:51,0
DA:52,0
DA:53,0
DA:54,0
DA:55,0
DA:56,0
DA:57,0
DA:58,0
DA:59,0
DA:61,0
LF:37
LH:0
end_of_record
SF:lib\app\core\ui\styles\app_assets.dart
DA:5,4
DA:7,4
DA:8,4
DA:12,2
DA:13,3
DA:17,6
LF:6
LH:6
end_of_record
SF:lib\app\core\ui\styles\app_colors.dart
DA:5,9
DA:7,9
DA:8,9
DA:12,4
DA:13,2
DA:14,2
DA:15,3
DA:16,4
DA:17,3
DA:18,2
DA:19,3
DA:20,16
DA:21,2
DA:22,2
DA:23,2
DA:27,14
LF:16
LH:16
end_of_record
SF:lib\app\core\ui\styles\app_text_styles.dart
DA:6,9
DA:8,9
DA:9,9
DA:13,4
DA:18,4
DA:24,6
DA:29,4
DA:35,4
DA:40,8
DA:46,10
DA:51,8
DA:59,14
LF:12
LH:12
end_of_record
SF:lib\app\core\ui\theme\theme_config.dart
DA:6,0
DA:8,3
DA:10,2
DA:11,1
DA:12,2
DA:14,2
DA:15,1
DA:16,2
DA:18,3
DA:19,2
DA:21,1
DA:22,2
DA:24,1
DA:25,2
LF:14
LH:13
end_of_record
SF:lib\app\features\products\data\datasource\products_remote_datasource.dart
DA:12,1
DA:14,1
DA:16,2
DA:17,1
DA:19,5
LF:5
LH:5
end_of_record
SF:lib\app\features\products\data\models\product_model.dart
DA:10,4
DA:22,4
DA:24,4
DA:25,2
DA:26,2
DA:27,2
DA:28,2
DA:29,2
DA:30,2
DA:31,4
LF:10
LH:10
end_of_record
SF:lib\app\features\products\data\models\product_model.g.dart
DA:9,2
DA:10,2
DA:11,2
DA:12,4
DA:13,2
DA:14,2
DA:15,2
DA:16,2
DA:17,2
DA:19,4
DA:22,0
DA:23,0
DA:24,0
DA:25,0
DA:26,0
DA:27,0
DA:28,0
DA:29,0
DA:30,0
LF:19
LH:10
end_of_record
SF:lib\app\features\products\data\models\rating_model.dart
DA:10,75
DA:17,6
DA:19,12
LF:3
LH:3
end_of_record
SF:lib\app\features\products\data\models\rating_model.g.dart
DA:9,3
DA:10,3
DA:11,6
DA:12,3
DA:15,1
DA:16,1
DA:17,1
DA:18,1
LF:8
LH:8
end_of_record
SF:lib\app\features\products\data\repositories\products_repository_impl.dart
DA:10,1
DA:11,1
DA:14,2
DA:15,4
DA:17,1
DA:18,1
DA:19,2
DA:20,3
DA:21,1
DA:22,2
DA:23,3
DA:25,2
DA:26,3
LF:13
LH:13
end_of_record
SF:lib\app\features\products\domain\entities\product.dart
DA:10,10
DA:22,2
LF:2
LH:2
end_of_record
SF:lib\app\features\products\domain\entities\product.g.dart
DA:9,2
DA:10,1
DA:11,2
DA:12,1
DA:13,1
DA:14,1
DA:15,1
DA:16,2
DA:19,1
DA:20,1
DA:21,1
DA:22,1
DA:23,1
DA:24,1
DA:25,1
DA:26,1
DA:27,1
LF:17
LH:17
end_of_record
SF:lib\app\features\products\domain\entities\rating.dart
DA:8,13
DA:14,4
LF:2
LH:2
end_of_record
SF:lib\app\features\products\domain\entities\rating.g.dart
DA:9,4
DA:10,4
DA:11,2
DA:14,4
DA:15,2
DA:16,2
LF:6
LH:6
end_of_record
SF:lib\app\features\products\domain\usecases\get_products_usecase.dart
DA:12,1
DA:13,1
DA:15,2
LF:3
LH:3
end_of_record
SF:lib\app\features\products\presentation\views\details\details_page.dart
DA:7,1
DA:12,1
DA:13,1
DA:19,5
DA:21,1
DA:23,1
DA:26,1
DA:28,1
DA:29,1
DA:31,1
DA:32,1
DA:34,1
DA:35,1
DA:36,1
DA:37,1
DA:38,0
DA:39,0
DA:41,1
DA:42,1
DA:43,3
DA:50,1
DA:51,1
DA:52,1
DA:53,1
DA:60,1
DA:61,3
DA:62,2
DA:66,1
DA:68,1
DA:70,1
DA:71,1
DA:72,3
DA:73,2
DA:75,1
DA:77,1
DA:78,1
DA:80,2
DA:84,1
DA:85,1
DA:86,9
DA:87,2
DA:88,3
DA:91,1
DA:92,4
DA:93,5
DA:98,1
DA:100,1
DA:105,1
DA:106,1
DA:107,3
DA:108,2
DA:114,1
DA:116,1
DA:121,1
DA:122,1
DA:123,3
DA:124,2
LF:57
LH:55
end_of_record
SF:lib\app\features\products\presentation\views\favorites\favorites_page.dart
DA:6,24
DA:10,1
DA:11,1
DA:17,1
DA:19,1
DA:20,1
DA:23,1
DA:24,1
DA:25,1
DA:26,1
DA:27,1
DA:28,2
DA:29,2
DA:31,1
DA:33,2
DA:34,1
DA:35,2
DA:36,1
DA:38,0
DA:39,0
DA:40,0
DA:48,1
DA:49,1
DA:51,2
LF:24
LH:21
end_of_record
SF:lib\app\features\products\presentation\views\home\home_controller.dart
DA:10,2
DA:13,4
DA:15,10
DA:17,2
DA:18,4
DA:19,4
DA:20,2
DA:21,3
DA:22,2
DA:23,6
DA:28,1
DA:29,2
DA:30,2
DA:34,1
DA:35,2
DA:36,2
DA:38,0
DA:41,1
DA:42,2
DA:43,1
DA:44,1
DA:45,1
DA:47,1
DA:49,2
DA:50,2
DA:53,1
DA:57,1
DA:58,2
DA:61,1
DA:62,2
DA:64,6
DA:65,2
DA:69,2
DA:70,4
DA:72,4
DA:75,2
DA:76,2
DA:78,4
DA:79,4
DA:80,4
DA:82,0
DA:85,0
LF:42
LH:39
end_of_record
SF:lib\app\features\products\presentation\views\home\home_page.dart
DA:6,24
DA:8,2
DA:9,2
DA:15,2
DA:17,2
DA:18,4
DA:21,2
DA:23,2
DA:24,4
DA:25,2
DA:26,2
DA:27,2
DA:29,2
DA:34,2
DA:39,2
DA:40,1
DA:41,2
DA:44,0
DA:45,0
DA:47,0
DA:48,0
DA:49,0
DA:50,0
DA:51,0
DA:52,0
DA:60,0
DA:61,0
DA:63,0
DA:64,0
DA:65,0
DA:66,0
DA:69,0
DA:70,0
DA:71,0
DA:72,0
DA:73,0
DA:74,0
DA:76,0
DA:78,0
DA:79,0
DA:80,0
DA:81,0
DA:83,0
DA:84,0
DA:85,0
DA:90,0
DA:91,0
DA:93,0
DA:96,0
DA:97,0
DA:99,0
LF:51
LH:17
end_of_record
SF:lib\app\features\products\presentation\views\home\home_state.dart
DA:14,5
DA:19,3
DA:20,1
DA:21,6
DA:23,1
DA:29,3
LF:6
LH:6
end_of_record
SF:lib\app\features\products\presentation\views\home\widgets\custom_search_field.dart
DA:9,1
DA:16,1
DA:18,1
DA:20,1
DA:21,1
DA:22,1
DA:23,1
DA:25,1
DA:26,5
DA:28,2
DA:29,1
DA:31,1
DA:34,2
DA:37,1
DA:38,1
LF:15
LH:15
end_of_record
SF:lib\app\features\products\presentation\views\home\widgets\home_error_layout.dart
DA:7,2
DA:9,2
DA:11,2
DA:13,2
DA:15,2
DA:18,4
DA:21,2
DA:22,2
DA:23,2
DA:25,4
LF:10
LH:10
end_of_record
SF:lib\app\features\products\presentation\views\home\widgets\product_item.dart
DA:11,2
DA:20,2
DA:22,2
DA:23,2
DA:24,2
DA:31,2
DA:32,2
DA:33,2
DA:34,4
DA:39,2
DA:40,2
DA:42,2
DA:45,2
DA:46,2
DA:47,4
DA:48,4
DA:52,2
DA:54,2
DA:55,2
DA:57,4
DA:61,2
DA:62,2
DA:63,14
DA:64,4
DA:65,6
DA:68,2
DA:69,2
DA:70,2
DA:71,2
DA:72,2
DA:73,2
DA:75,2
DA:76,2
DA:77,8
DA:85,2
DA:86,6
DA:87,10
LF:37
LH:37
end_of_record
SF:lib\app\widgets\custom_placeholder.dart
DA:11,4
DA:19,4
DA:21,4
DA:22,4
DA:23,4
DA:25,4
DA:26,4
DA:27,4
DA:31,4
DA:33,4
DA:34,4
DA:35,8
DA:36,12
DA:42,2
LF:14
LH:14
end_of_record
